<?xml version="1.0" encoding="UTF-8"?>
<testng-results ignored="0" total="1" passed="1" failed="0" skipped="0">
  <reporter-output>
  </reporter-output>
  <suite started-at="2022-09-22T23:13:51 IST" name="Suite" finished-at="2022-09-22T23:14:24 IST" duration-ms="33391">
    <groups>
    </groups>
    <test started-at="2022-09-22T23:13:51 IST" name="Test" finished-at="2022-09-22T23:14:24 IST" duration-ms="33391">
      <class name="vtiger.Contacts.Tests.CreateContactWithLeadSource">
        <test-method signature="createConWithLeadSource()[pri:0, instance:vtiger.Contacts.Tests.CreateContactWithLeadSource@77eca502]" started-at="2022-09-22T23:13:51 IST" name="createConWithLeadSource" finished-at="2022-09-22T23:14:24 IST" duration-ms="33353" status="PASS">
          <reporter-output>
          </reporter-output>
        </test-method> <!-- createConWithLeadSource -->
      </class> <!-- vtiger.Contacts.Tests.CreateContactWithLeadSource -->
    </test> <!-- Test -->
  </suite> <!-- Suite -->
</testng-results>
